<?xml version="1.0" encoding="UTF-8"?>
<!-- Generated by org.testng.reporters.JUnitReportReporter -->
<testsuite skipped="0" hostname="HOME-LAPTOP" name="com.ezypay.testscripts.LoginScenarios" tests="8" failures="0" timestamp="19 Aug 2018 09:56:36 GMT" time="9.231" errors="0">
  <testcase name="LongUserName" time="0.664" classname="com.ezypay.testscripts.LoginScenarios"/>
  <testcase name="InValidUserName" time="0.960" classname="com.ezypay.testscripts.LoginScenarios"/>
  <testcase name="LongPassword" time="0.628" classname="com.ezypay.testscripts.LoginScenarios"/>
  <testcase name="SpecialCharacterInPassword" time="1.446" classname="com.ezypay.testscripts.LoginScenarios"/>
  <testcase name="SpecialCharacterInUserName" time="0.913" classname="com.ezypay.testscripts.LoginScenarios"/>
  <testcase name="SpecialCharacterInUserCredentials" time="0.630" classname="com.ezypay.testscripts.LoginScenarios"/>
  <testcase name="LoginWithValidCredentials" time="0.657" classname="com.ezypay.testscripts.LoginScenarios"/>
  <testcase name="InValidPassword" time="3.333" classname="com.ezypay.testscripts.LoginScenarios"/>
</testsuite> <!-- com.ezypay.testscripts.LoginScenarios -->
