<?xml version="1.0" encoding="UTF-8"?>
<!-- Generated by org.testng.reporters.JUnitReportReporter -->
<testsuite skipped="0" hostname="HOME-LAPTOP" name="com.ezypay.testscripts.TC_001" tests="1" failures="0" timestamp="18 Aug 2018 06:05:28 GMT" time="3.486" errors="0">
  <testcase name="verifyLogin" time="3.486" classname="com.ezypay.testscripts.TC_001"/>
</testsuite> <!-- com.ezypay.testscripts.TC_001 -->
